Main app/build/outputs/logs/manifest-merger-debug-report.txt
-- Merging decision tree log ---
manifest
ADDED from AndroidManifest.xml:2:1
	package
		ADDED from AndroidManifest.xml:4:5
		INJECTED from AndroidManifest.xml:0:0
		INJECTED from AndroidManifest.xml:0:0
	android:versionName
		INJECTED from AndroidManifest.xml:0:0
		INJECTED from AndroidManifest.xml:0:0
	xmlns:tools
		ADDED from AndroidManifest.xml:3:5
	xmlns:android
		ADDED from AndroidManifest.xml:2:11
	android:versionCode
		INJECTED from AndroidManifest.xml:0:0
		INJECTED from AndroidManifest.xml:0:0
uses-permission#android.permission.WRITE_EXTERNAL_STORAGE
ADDED from AndroidManifest.xml:5:5
	android:name
		ADDED from AndroidManifest.xml:5:22
uses-permission#android.permission.READ_EXTERNAL_STORAGE
ADDED from AndroidManifest.xml:6:5
	android:name
		ADDED from AndroidManifest.xml:6:22
application
ADDED from AndroidManifest.xml:7:5
MERGED from com.android.support:appcompat-v7:22.1.0:22:5
MERGED from com.android.support:support-v4:22.1.0:22:5
MERGED from EasyCheckMeasureApp:Disto App:unspecified:42:5
MERGED from com.android.support:support-v4:22.1.0:22:5
MERGED from com.android.support:support-v13:21.0.2:16:5
MERGED from com.android.support:support-v4:22.1.0:22:5
MERGED from com.android.support:cardview-v7:21.0.2:16:5
	android:label
		ADDED from AndroidManifest.xml:10:9
	android:allowBackup
		ADDED from AndroidManifest.xml:8:9
	android:icon
		ADDED from AndroidManifest.xml:9:9
		REJECTED from EasyCheckMeasureApp:Disto App:unspecified:43:9
	android:theme
		ADDED from AndroidManifest.xml:11:9
		REJECTED from EasyCheckMeasureApp:Disto App:unspecified:45:9
	tools:replace
		ADDED from AndroidManifest.xml:12:9
activity#com.example.david.easycheckmeasureapp.CreateNewCheckMeasureActivity
ADDED from AndroidManifest.xml:13:9
	android:label
		ADDED from AndroidManifest.xml:15:13
	android:name
		ADDED from AndroidManifest.xml:14:13
intent-filter#android.intent.action.MAIN+android.intent.category.LAUNCHER
ADDED from AndroidManifest.xml:18:13
action#android.intent.action.MAIN
ADDED from AndroidManifest.xml:19:17
	android:name
		ADDED from AndroidManifest.xml:19:25
category#android.intent.category.LAUNCHER
ADDED from AndroidManifest.xml:21:17
	android:name
		ADDED from AndroidManifest.xml:21:27
activity#com.example.david.easycheckmeasureapp.ViewOldCheckMeasuresActivity
ADDED from AndroidManifest.xml:24:9
	android:screenOrientation
		ADDED from AndroidManifest.xml:27:13
	android:label
		ADDED from AndroidManifest.xml:26:13
	android:configChanges
		ADDED from AndroidManifest.xml:28:13
	android:name
		ADDED from AndroidManifest.xml:25:13
activity#com.example.david.easycheckmeasureapp.SendCheckMeasureActivity
ADDED from AndroidManifest.xml:31:9
	android:screenOrientation
		ADDED from AndroidManifest.xml:34:13
	android:label
		ADDED from AndroidManifest.xml:33:13
	android:configChanges
		ADDED from AndroidManifest.xml:35:13
	android:name
		ADDED from AndroidManifest.xml:32:13
uses-sdk
INJECTED from AndroidManifest.xml:0:0 reason: use-sdk injection requested
MERGED from com.android.support:appcompat-v7:22.1.0:20:5
MERGED from com.android.support:support-v4:22.1.0:20:5
MERGED from EasyCheckMeasureApp:Disto App:unspecified:22:5
MERGED from com.android.support:support-v4:22.1.0:20:5
MERGED from com.android.support:support-v13:21.0.2:15:5
MERGED from com.android.support:support-v4:22.1.0:20:5
MERGED from com.android.support:cardview-v7:21.0.2:15:5
	android:targetSdkVersion
		INJECTED from AndroidManifest.xml:0:0
		INJECTED from AndroidManifest.xml:0:0
	android:minSdkVersion
		INJECTED from AndroidManifest.xml:0:0
		INJECTED from AndroidManifest.xml:0:0
uses-feature#android.hardware.bluetooth_le
ADDED from EasyCheckMeasureApp:Disto App:unspecified:35:5
	android:required
		ADDED from EasyCheckMeasureApp:Disto App:unspecified:37:9
	android:name
		ADDED from EasyCheckMeasureApp:Disto App:unspecified:36:9
uses-permission#android.permission.BLUETOOTH
ADDED from EasyCheckMeasureApp:Disto App:unspecified:39:5
	android:name
		ADDED from EasyCheckMeasureApp:Disto App:unspecified:39:22
uses-permission#android.permission.BLUETOOTH_ADMIN
ADDED from EasyCheckMeasureApp:Disto App:unspecified:40:5
	android:name
		ADDED from EasyCheckMeasureApp:Disto App:unspecified:40:22
activity#com.example.david.distoapp.DeviceControlActivity
ADDED from EasyCheckMeasureApp:Disto App:unspecified:46:9
	android:name
		ADDED from EasyCheckMeasureApp:Disto App:unspecified:46:19
activity#com.example.david.distoapp.DeviceScanActivity
ADDED from EasyCheckMeasureApp:Disto App:unspecified:47:9
	android:name
		ADDED from EasyCheckMeasureApp:Disto App:unspecified:47:19
service#com.example.david.distoapp.BluetoothLeService
ADDED from EasyCheckMeasureApp:Disto App:unspecified:49:9
	android:enabled
		ADDED from EasyCheckMeasureApp:Disto App:unspecified:51:13
	android:name
		ADDED from EasyCheckMeasureApp:Disto App:unspecified:50:13